-----------------------------------FOR_STUDENT_00901060-----------------------------------------
rm -rf  ./fileio.o ./utilities.o  ./fileio.d ./utilities.d  Proj1_410_solution
 
Building file: ../fileio.cpp
Invoking: GCC C++ Compiler
g++ -std=c++0x -I../includes_usr -O0 -g3 -Wall -c -fmessage-length=0 -MMD -MP -MF"fileio.d" -MT"fileio.o" -o "fileio.o" "../fileio.cpp"
Finished building: ../fileio.cpp
 
Building file: ../utilities.cpp
Invoking: GCC C++ Compiler
g++ -std=c++0x -I../includes_usr -O0 -g3 -Wall -c -fmessage-length=0 -MMD -MP -MF"utilities.d" -MT"utilities.o" -o "utilities.o" "../utilities.cpp"
Finished building: ../utilities.cpp
 
Building target: Proj1_410_solution
Invoking: GCC C++ Linker
g++  -o "Proj1_410_solution"  ./fileio.o ./utilities.o   
Finished building target: Proj1_410_solution
 
SUCCESS 1 loadData SOURCE_FILE

SUCCESS 2 sort START_TIME process_number

SUCCESS 3 sort START_TIME start_time 

SUCCESS 4 sort START_TIME cpu_time

SUCCESS 5 sort CPU_TIME process_number

SUCCESS 6 sort CPU_TIME start_time 

SUCCESS 7 sort CPU_TIME cpu_time

SUCCESS 8 sort PROCESS_NUMBER process_number

SUCCESS 9 sort PROCESS_NUMBER start_time 

SUCCESS 10 sort PROCESS_NUMBER cpu_time

SUCCESS 11 saveData RESULTS_FILE

SUCCESS 12 loadData RESULTS_FILE returned 

SUCCESS 13 sort CPU_TIME process_number

SUCCESS 14 sort CPU_TIME start_time 

SUCCESS 15 sort CPU_TIME cpu_time

SUCCESS 16 loadData bogusfile

SUCCESS 17 saveData bogusfile

Grade is:100
-----------------------------------FOR_STUDENT_00893306-----------------------------------------
rm -rf  ./fileio.o ./utilities.o  ./fileio.d ./utilities.d  Proj1_410_solution
 
Building file: ../fileio.cpp
Invoking: GCC C++ Compiler
g++ -std=c++0x -I../includes_usr -O0 -g3 -Wall -c -fmessage-length=0 -MMD -MP -MF"fileio.d" -MT"fileio.o" -o "fileio.o" "../fileio.cpp"
Finished building: ../fileio.cpp
 
Building file: ../utilities.cpp
Invoking: GCC C++ Compiler
g++ -std=c++0x -I../includes_usr -O0 -g3 -Wall -c -fmessage-length=0 -MMD -MP -MF"utilities.d" -MT"utilities.o" -o "utilities.o" "../utilities.cpp"
../utilities.cpp:1:24: fatal error: untilities.h: No such file or directory
 #include "untilities.h"
                        ^
compilation terminated.
subdir.mk:21: recipe for target 'utilities.o' failed
make: *** [utilities.o] Error 1
/bin/sh: 1: ./Debug/Proj1_410_solution: not found
-----------------------------------FOR_STUDENT_00884533-----------------------------------------
rm: cannot remove '/home/keith/eclipse-workspace/Proj1_410_solution/results.txt': No such file or directory
rm -rf  ./fileio.o ./utilities.o  ./fileio.d ./utilities.d  Proj1_410_solution
 
Building file: ../fileio.cpp
Invoking: GCC C++ Compiler
g++ -std=c++0x -I../includes_usr -O0 -g3 -Wall -c -fmessage-length=0 -MMD -MP -MF"fileio.d" -MT"fileio.o" -o "fileio.o" "../fileio.cpp"
Finished building: ../fileio.cpp
 
Building file: ../utilities.cpp
Invoking: GCC C++ Compiler
g++ -std=c++0x -I../includes_usr -O0 -g3 -Wall -c -fmessage-length=0 -MMD -MP -MF"utilities.d" -MT"utilities.o" -o "utilities.o" "../utilities.cpp"
../utilities.cpp: In function ‘process_stats getNext()’:
../utilities.cpp:140:1: warning: control reaches end of non-void function [-Wreturn-type]
 }
 ^
Finished building: ../utilities.cpp
 
Building target: Proj1_410_solution
Invoking: GCC C++ Linker
g++  -o "Proj1_410_solution"  ./fileio.o ./utilities.o   
Finished building target: Proj1_410_solution
 
SUCCESS 1 loadData SOURCE_FILE

SUCCESS 2 sort START_TIME process_number

SUCCESS 3 sort START_TIME start_time 

SUCCESS 4 sort START_TIME cpu_time

SUCCESS 5 sort CPU_TIME process_number

SUCCESS 6 sort CPU_TIME start_time 

SUCCESS 7 sort CPU_TIME cpu_time

SUCCESS 8 sort PROCESS_NUMBER process_number

SUCCESS 9 sort PROCESS_NUMBER start_time 

SUCCESS 10 sort PROCESS_NUMBER cpu_time

FAIL 11 saveData RESULTS_FILE expected:0 but got -3

FAIL 12 loadData RESULTS_FILE returned  expected:0 but got -3

SUCCESS 13 sort CPU_TIME process_number

SUCCESS 14 sort CPU_TIME start_time 

SUCCESS 15 sort CPU_TIME cpu_time

SUCCESS 16 loadData bogusfile

SUCCESS 17 saveData bogusfile

Grade is:80
-----------------------------------FOR_STUDENT_00898635-----------------------------------------
rm: cannot remove '/home/keith/eclipse-workspace/Proj1_410_solution/results.txt': No such file or directory
rm -rf  ./fileio.o ./utilities.o  ./fileio.d ./utilities.d  Proj1_410_solution
 
Building file: ../fileio.cpp
Invoking: GCC C++ Compiler
g++ -std=c++0x -I../includes_usr -O0 -g3 -Wall -c -fmessage-length=0 -MMD -MP -MF"fileio.d" -MT"fileio.o" -o "fileio.o" "../fileio.cpp"
Finished building: ../fileio.cpp
 
Building file: ../utilities.cpp
Invoking: GCC C++ Compiler
g++ -std=c++0x -I../includes_usr -O0 -g3 -Wall -c -fmessage-length=0 -MMD -MP -MF"utilities.d" -MT"utilities.o" -o "utilities.o" "../utilities.cpp"
../utilities.cpp: In function ‘int saveData(const char*)’:
../utilities.cpp:65:21: warning: comparison between signed and unsigned integer expressions [-Wsign-compare]
   for (int i = 0; i < process.size()-1; i++) {
                     ^
Finished building: ../utilities.cpp
 
Building target: Proj1_410_solution
Invoking: GCC C++ Linker
g++  -o "Proj1_410_solution"  ./fileio.o ./utilities.o   
Finished building target: Proj1_410_solution
 
terminate called after throwing an instance of 'std::invalid_argument'
  what():  stoi
Aborted (core dumped)
-----------------------------------FOR_STUDENT_00891462-----------------------------------------
rm: cannot remove '/home/keith/eclipse-workspace/Proj1_410_solution/results.txt': No such file or directory
rm -rf  ./fileio.o ./utilities.o  ./fileio.d ./utilities.d  Proj1_410_solution
 
Building file: ../fileio.cpp
Invoking: GCC C++ Compiler
g++ -std=c++0x -I../includes_usr -O0 -g3 -Wall -c -fmessage-length=0 -MMD -MP -MF"fileio.d" -MT"fileio.o" -o "fileio.o" "../fileio.cpp"
Finished building: ../fileio.cpp
 
Building file: ../utilities.cpp
Invoking: GCC C++ Compiler
g++ -std=c++0x -I../includes_usr -O0 -g3 -Wall -c -fmessage-length=0 -MMD -MP -MF"utilities.d" -MT"utilities.o" -o "utilities.o" "../utilities.cpp"
Finished building: ../utilities.cpp
 
Building target: Proj1_410_solution
Invoking: GCC C++ Linker
g++  -o "Proj1_410_solution"  ./fileio.o ./utilities.o   
Finished building target: Proj1_410_solution
 
SUCCESS 1 loadData SOURCE_FILE

SUCCESS 2 sort START_TIME process_number

SUCCESS 3 sort START_TIME start_time 

SUCCESS 4 sort START_TIME cpu_time

SUCCESS 5 sort CPU_TIME process_number

SUCCESS 6 sort CPU_TIME start_time 

SUCCESS 7 sort CPU_TIME cpu_time

SUCCESS 8 sort PROCESS_NUMBER process_number

SUCCESS 9 sort PROCESS_NUMBER start_time 

SUCCESS 10 sort PROCESS_NUMBER cpu_time

SUCCESS 11 saveData RESULTS_FILE

SUCCESS 12 loadData RESULTS_FILE returned 

SUCCESS 13 sort CPU_TIME process_number

SUCCESS 14 sort CPU_TIME start_time 

SUCCESS 15 sort CPU_TIME cpu_time

FAIL 16 loadData bogusfile expected:-3 but got 0

FAIL 17 saveData bogusfile expected:-3 but got 0

Grade is:90
-----------------------------------FOR_STUDENT_00767120-----------------------------------------
rm -rf  ./fileio.o ./utilities.o  ./fileio.d ./utilities.d  Proj1_410_solution
 
Building file: ../fileio.cpp
Invoking: GCC C++ Compiler
g++ -std=c++0x -I../includes_usr -O0 -g3 -Wall -c -fmessage-length=0 -MMD -MP -MF"fileio.d" -MT"fileio.o" -o "fileio.o" "../fileio.cpp"
Finished building: ../fileio.cpp
 
Building file: ../utilities.cpp
Invoking: GCC C++ Compiler
g++ -std=c++0x -I../includes_usr -O0 -g3 -Wall -c -fmessage-length=0 -MMD -MP -MF"utilities.d" -MT"utilities.o" -o "utilities.o" "../utilities.cpp"
../utilities.cpp:12:1: error: ‘vector’ does not name a type
 vector<process_stats> cram;
 ^
../utilities.cpp: In function ‘int loadData(const char*)’:
../utilities.cpp:15:5: error: ‘ifstream’ was not declared in this scope
     ifstream myInputFile;
     ^
../utilities.cpp:16:5: error: ‘myInputFile’ was not declared in this scope
     myInputFile.open(filename, ios::in);
     ^
../utilities.cpp:16:32: error: ‘ios’ has not been declared
     myInputFile.open(filename, ios::in);
                                ^
../utilities.cpp:19:9: error: ‘string’ was not declared in this scope
         string line;
         ^
../utilities.cpp:22:33: error: ‘line’ was not declared in this scope
             getline(myInputFile,line);
                                 ^
../utilities.cpp:26:13: error: ‘cout’ was not declared in this scope
             cout<<line;
             ^
../utilities.cpp:27:20: error: expected ‘;’ before ‘string1’
             string string1 = line.substr(0, line.find_first_of(','));
                    ^
../utilities.cpp:28:20: error: expected ‘;’ before ‘string2’
             string string2 = line.substr(line.find_first_of(',')+1, (line.find_last_of(',') - line.find_first_of(',')-1));
                    ^
../utilities.cpp:29:20: error: expected ‘;’ before ‘string3’
             string string3 = line.substr(line.find_last_of(',')+1, (line.length() - line.find_last_of(',')));
                    ^
../utilities.cpp:30:45: error: ‘string1’ was not declared in this scope
             tempStats.process_number = stoi(string1);
                                             ^
../utilities.cpp:30:52: error: ‘stoi’ was not declared in this scope
             tempStats.process_number = stoi(string1);
                                                    ^
../utilities.cpp:31:41: error: ‘string2’ was not declared in this scope
             tempStats.start_time = stoi(string2);
                                         ^
../utilities.cpp:32:39: error: ‘string3’ was not declared in this scope
             tempStats.cpu_time = stoi(string3);
                                       ^
../utilities.cpp:34:13: error: ‘cram’ was not declared in this scope
             cram.push_back(tempStats);
             ^
../utilities.cpp: In function ‘int saveData(const char*)’:
../utilities.cpp:46:5: error: ‘ofstream’ was not declared in this scope
     ofstream myOutputFile;
     ^
../utilities.cpp:47:5: error: ‘myOutputFile’ was not declared in this scope
     myOutputFile.open(filename, ios::out);
     ^
../utilities.cpp:47:33: error: ‘ios’ has not been declared
     myOutputFile.open(filename, ios::out);
                                 ^
../utilities.cpp:50:14: error: ‘vector’ is not a member of ‘std’
         for (std::vector<process_stats>::iterator it = cram.begin(); it != cram.end(); it++){
              ^
../utilities.cpp:50:39: error: expected primary-expression before ‘>’ token
         for (std::vector<process_stats>::iterator it = cram.begin(); it != cram.end(); it++){
                                       ^
../utilities.cpp:50:40: error: ‘::iterator’ has not been declared
         for (std::vector<process_stats>::iterator it = cram.begin(); it != cram.end(); it++){
                                        ^
../utilities.cpp:50:70: error: ‘it’ was not declared in this scope
         for (std::vector<process_stats>::iterator it = cram.begin(); it != cram.end(); it++){
                                                                      ^
../utilities.cpp:50:76: error: ‘cram’ was not declared in this scope
         for (std::vector<process_stats>::iterator it = cram.begin(); it != cram.end(); it++){
                                                                            ^
../utilities.cpp:51:60: error: ‘to_string’ was not declared in this scope
             myOutputFile << (to_string((*it).process_number) + "," +
                                                            ^
../utilities.cpp: In function ‘void sortData(SORT_ORDER)’:
../utilities.cpp:65:14: error: ‘vector’ is not a member of ‘std’
         for (std::vector<process_stats>::iterator it = cram.begin(); it != cram.end(); it++){
              ^
../utilities.cpp:65:39: error: expected primary-expression before ‘>’ token
         for (std::vector<process_stats>::iterator it = cram.begin(); it != cram.end(); it++){
                                       ^
../utilities.cpp:65:40: error: ‘::iterator’ has not been declared
         for (std::vector<process_stats>::iterator it = cram.begin(); it != cram.end(); it++){
                                        ^
../utilities.cpp:65:70: error: ‘it’ was not declared in this scope
         for (std::vector<process_stats>::iterator it = cram.begin(); it != cram.end(); it++){
                                                                      ^
../utilities.cpp:65:76: error: ‘cram’ was not declared in this scope
         for (std::vector<process_stats>::iterator it = cram.begin(); it != cram.end(); it++){
                                                                            ^
../utilities.cpp:70:18: error: ‘vector’ is not a member of ‘std’
             for (std::vector<process_stats>::iterator it2 = it; it2 != cram.end(); it2++){
                  ^
../utilities.cpp:70:43: error: expected primary-expression before ‘>’ token
             for (std::vector<process_stats>::iterator it2 = it; it2 != cram.end(); it2++){
                                           ^
../utilities.cpp:70:44: error: ‘::iterator’ has not been declared
             for (std::vector<process_stats>::iterator it2 = it; it2 != cram.end(); it2++){
                                            ^
../utilities.cpp:70:65: error: ‘it2’ was not declared in this scope
             for (std::vector<process_stats>::iterator it2 = it; it2 != cram.end(); it2++){
                                                                 ^
../utilities.cpp:86:14: error: ‘vector’ is not a member of ‘std’
         for (std::vector<process_stats>::iterator it = cram.begin(); it != cram.end(); it++){
              ^
../utilities.cpp:86:39: error: expected primary-expression before ‘>’ token
         for (std::vector<process_stats>::iterator it = cram.begin(); it != cram.end(); it++){
                                       ^
../utilities.cpp:86:40: error: ‘::iterator’ has not been declared
         for (std::vector<process_stats>::iterator it = cram.begin(); it != cram.end(); it++){
                                        ^
../utilities.cpp:86:70: error: ‘it’ was not declared in this scope
         for (std::vector<process_stats>::iterator it = cram.begin(); it != cram.end(); it++){
                                                                      ^
../utilities.cpp:86:76: error: ‘cram’ was not declared in this scope
         for (std::vector<process_stats>::iterator it = cram.begin(); it != cram.end(); it++){
                                                                            ^
../utilities.cpp:91:18: error: ‘vector’ is not a member of ‘std’
             for (std::vector<process_stats>::iterator it2 = it; it2 != cram.end(); it2++){
                  ^
../utilities.cpp:91:43: error: expected primary-expression before ‘>’ token
             for (std::vector<process_stats>::iterator it2 = it; it2 != cram.end(); it2++){
                                           ^
../utilities.cpp:91:44: error: ‘::iterator’ has not been declared
             for (std::vector<process_stats>::iterator it2 = it; it2 != cram.end(); it2++){
                                            ^
../utilities.cpp:91:65: error: ‘it2’ was not declared in this scope
             for (std::vector<process_stats>::iterator it2 = it; it2 != cram.end(); it2++){
                                                                 ^
../utilities.cpp:107:14: error: ‘vector’ is not a member of ‘std’
         for (std::vector<process_stats>::iterator it = cram.begin(); it != cram.end(); it++){
              ^
../utilities.cpp:107:39: error: expected primary-expression before ‘>’ token
         for (std::vector<process_stats>::iterator it = cram.begin(); it != cram.end(); it++){
                                       ^
../utilities.cpp:107:40: error: ‘::iterator’ has not been declared
         for (std::vector<process_stats>::iterator it = cram.begin(); it != cram.end(); it++){
                                        ^
../utilities.cpp:107:70: error: ‘it’ was not declared in this scope
         for (std::vector<process_stats>::iterator it = cram.begin(); it != cram.end(); it++){
                                                                      ^
../utilities.cpp:107:76: error: ‘cram’ was not declared in this scope
         for (std::vector<process_stats>::iterator it = cram.begin(); it != cram.end(); it++){
                                                                            ^
../utilities.cpp:112:18: error: ‘vector’ is not a member of ‘std’
             for (std::vector<process_stats>::iterator it2 = it; it2 != cram.end(); it2++){
                  ^
../utilities.cpp:112:43: error: expected primary-expression before ‘>’ token
             for (std::vector<process_stats>::iterator it2 = it; it2 != cram.end(); it2++){
                                           ^
../utilities.cpp:112:44: error: ‘::iterator’ has not been declared
             for (std::vector<process_stats>::iterator it2 = it; it2 != cram.end(); it2++){
                                            ^
../utilities.cpp:112:65: error: ‘it2’ was not declared in this scope
             for (std::vector<process_stats>::iterator it2 = it; it2 != cram.end(); it2++){
                                                                 ^
../utilities.cpp: In function ‘process_stats getNext()’:
../utilities.cpp:128:26: error: ‘cram’ was not declared in this scope
     process_stats temp = cram[0];
                          ^
../utilities.cpp:129:5: error: ‘vector’ was not declared in this scope
     vector<process_stats> tempVector;
     ^
../utilities.cpp:129:25: error: expected primary-expression before ‘>’ token
     vector<process_stats> tempVector;
                         ^
../utilities.cpp:129:27: error: ‘tempVector’ was not declared in this scope
     vector<process_stats> tempVector;
                           ^
../utilities.cpp:130:10: error: ‘vector’ is not a member of ‘std’
     for (std::vector<process_stats>::iterator it = cram.begin() +1; it != cram.end(); it++){
          ^
../utilities.cpp:130:35: error: expected primary-expression before ‘>’ token
     for (std::vector<process_stats>::iterator it = cram.begin() +1; it != cram.end(); it++){
                                   ^
../utilities.cpp:130:36: error: ‘::iterator’ has not been declared
     for (std::vector<process_stats>::iterator it = cram.begin() +1; it != cram.end(); it++){
                                    ^
../utilities.cpp:130:69: error: ‘it’ was not declared in this scope
     for (std::vector<process_stats>::iterator it = cram.begin() +1; it != cram.end(); it++){
                                                                     ^
../utilities.cpp:135:10: error: ‘vector’ is not a member of ‘std’
     for (std::vector<process_stats>::iterator it = tempVector.begin(); it != tempVector.end(); it++){
          ^
../utilities.cpp:135:35: error: expected primary-expression before ‘>’ token
     for (std::vector<process_stats>::iterator it = tempVector.begin(); it != tempVector.end(); it++){
                                   ^
../utilities.cpp:135:36: error: ‘::iterator’ has not been declared
     for (std::vector<process_stats>::iterator it = tempVector.begin(); it != tempVector.end(); it++){
                                    ^
../utilities.cpp:135:72: error: ‘it’ was not declared in this scope
     for (std::vector<process_stats>::iterator it = tempVector.begin(); it != tempVector.end(); it++){
                                                                        ^
../utilities.cpp: In function ‘int loadData(const char*)’:
../utilities.cpp:43:1: warning: control reaches end of non-void function [-Wreturn-type]
 }
 ^
../utilities.cpp: In function ‘int saveData(const char*)’:
../utilities.cpp:60:1: warning: control reaches end of non-void function [-Wreturn-type]
 }
 ^
subdir.mk:21: recipe for target 'utilities.o' failed
make: *** [utilities.o] Error 1
/bin/sh: 1: ./Debug/Proj1_410_solution: not found
-----------------------------------FOR_STUDENT_00888756-----------------------------------------
rm: cannot remove '/home/keith/eclipse-workspace/Proj1_410_solution/results.txt': No such file or directory
rm -rf  ./fileio.o ./utilities.o  ./fileio.d ./utilities.d  Proj1_410_solution
 
Building file: ../fileio.cpp
Invoking: GCC C++ Compiler
g++ -std=c++0x -I../includes_usr -O0 -g3 -Wall -c -fmessage-length=0 -MMD -MP -MF"fileio.d" -MT"fileio.o" -o "fileio.o" "../fileio.cpp"
Finished building: ../fileio.cpp
 
Building file: ../utilities.cpp
Invoking: GCC C++ Compiler
g++ -std=c++0x -I../includes_usr -O0 -g3 -Wall -c -fmessage-length=0 -MMD -MP -MF"utilities.d" -MT"utilities.o" -o "utilities.o" "../utilities.cpp"
../utilities.cpp:13:23: fatal error: Utilities.h: No such file or directory
compilation terminated.
subdir.mk:21: recipe for target 'utilities.o' failed
make: *** [utilities.o] Error 1
/bin/sh: 1: ./Debug/Proj1_410_solution: not found
-----------------------------------FOR_STUDENT_00877679-----------------------------------------
rm: cannot remove '/home/keith/eclipse-workspace/Proj1_410_solution/results.txt': No such file or directory
rm -rf  ./fileio.o ./utilities.o  ./fileio.d ./utilities.d  Proj1_410_solution
 
Building file: ../fileio.cpp
Invoking: GCC C++ Compiler
g++ -std=c++0x -I../includes_usr -O0 -g3 -Wall -c -fmessage-length=0 -MMD -MP -MF"fileio.d" -MT"fileio.o" -o "fileio.o" "../fileio.cpp"
Finished building: ../fileio.cpp
 
Building file: ../utilities.cpp
Invoking: GCC C++ Compiler
g++ -std=c++0x -I../includes_usr -O0 -g3 -Wall -c -fmessage-length=0 -MMD -MP -MF"utilities.d" -MT"utilities.o" -o "utilities.o" "../utilities.cpp"
../utilities.cpp: In function ‘int saveData(const char*)’:
../utilities.cpp:86:21: warning: comparison between signed and unsigned integer expressions [-Wsign-compare]
   for (int i = 0; i < data.size(); i++){
                     ^
Finished building: ../utilities.cpp
 
Building target: Proj1_410_solution
Invoking: GCC C++ Linker
g++  -o "Proj1_410_solution"  ./fileio.o ./utilities.o   
Finished building target: Proj1_410_solution
 
SUCCESS 1 loadData SOURCE_FILE

SUCCESS 2 sort START_TIME process_number

SUCCESS 3 sort START_TIME start_time 

SUCCESS 4 sort START_TIME cpu_time

SUCCESS 5 sort CPU_TIME process_number

SUCCESS 6 sort CPU_TIME start_time 

SUCCESS 7 sort CPU_TIME cpu_time

SUCCESS 8 sort PROCESS_NUMBER process_number

SUCCESS 9 sort PROCESS_NUMBER start_time 

SUCCESS 10 sort PROCESS_NUMBER cpu_time

3,80,500
4,70,700
5,60,900
6,50,1000
7,40,800
8,30,600
9,20,400
SUCCESS 11 saveData RESULTS_FILE

SUCCESS 12 loadData RESULTS_FILE returned 

SUCCESS 13 sort CPU_TIME process_number

SUCCESS 14 sort CPU_TIME start_time 

SUCCESS 15 sort CPU_TIME cpu_time

SUCCESS 16 loadData bogusfile

SUCCESS 17 saveData bogusfile

Grade is:100
